Determining if the pthread_create exist failed with the following output:
Change Dir: /home/kevin/Kevin_workspace/Cpp_Projects/Aruco_Marker/build/CMakeFiles/CMakeTmp

Run Build Command:"/usr/bin/make" "cmTC_8a6a9/fast"
make[1]: Entering directory '/home/kevin/Kevin_workspace/Cpp_Projects/Aruco_Marker/build/CMakeFiles/CMakeTmp'
/usr/bin/make -f CMakeFiles/cmTC_8a6a9.dir/build.make CMakeFiles/cmTC_8a6a9.dir/build
make[2]: Entering directory '/home/kevin/Kevin_workspace/Cpp_Projects/Aruco_Marker/build/CMakeFiles/CMakeTmp'
Building C object CMakeFiles/cmTC_8a6a9.dir/CheckSymbolExists.c.o
/usr/bin/cc    -o CMakeFiles/cmTC_8a6a9.dir/CheckSymbolExists.c.o   -c /home/kevin/Kevin_workspace/Cpp_Projects/Aruco_Marker/build/CMakeFiles/CMakeTmp/CheckSymbolExists.c
Linking C executable cmTC_8a6a9
/opt/cmake/bin/cmake -E cmake_link_script CMakeFiles/cmTC_8a6a9.dir/link.txt --verbose=1
/usr/bin/cc      -rdynamic CMakeFiles/cmTC_8a6a9.dir/CheckSymbolExists.c.o  -o cmTC_8a6a9 
CMakeFiles/cmTC_8a6a9.dir/CheckSymbolExists.c.o: In function `main':
CheckSymbolExists.c:(.text+0x16): undefined reference to `pthread_create'
collect2: error: ld returned 1 exit status
CMakeFiles/cmTC_8a6a9.dir/build.make:97: recipe for target 'cmTC_8a6a9' failed
make[2]: *** [cmTC_8a6a9] Error 1
make[2]: Leaving directory '/home/kevin/Kevin_workspace/Cpp_Projects/Aruco_Marker/build/CMakeFiles/CMakeTmp'
Makefile:126: recipe for target 'cmTC_8a6a9/fast' failed
make[1]: *** [cmTC_8a6a9/fast] Error 2
make[1]: Leaving directory '/home/kevin/Kevin_workspace/Cpp_Projects/Aruco_Marker/build/CMakeFiles/CMakeTmp'

File /home/kevin/Kevin_workspace/Cpp_Projects/Aruco_Marker/build/CMakeFiles/CMakeTmp/CheckSymbolExists.c:
/* */
#include <pthread.h>

int main(int argc, char** argv)
{
  (void)argv;
#ifndef pthread_create
  return ((int*)(&pthread_create))[argc];
#else
  (void)argc;
  return 0;
#endif
}

Determining if the function pthread_create exists in the pthreads failed with the following output:
Change Dir: /home/kevin/Kevin_workspace/Cpp_Projects/Aruco_Marker/build/CMakeFiles/CMakeTmp

Run Build Command:"/usr/bin/make" "cmTC_51130/fast"
make[1]: Entering directory '/home/kevin/Kevin_workspace/Cpp_Projects/Aruco_Marker/build/CMakeFiles/CMakeTmp'
/usr/bin/make -f CMakeFiles/cmTC_51130.dir/build.make CMakeFiles/cmTC_51130.dir/build
make[2]: Entering directory '/home/kevin/Kevin_workspace/Cpp_Projects/Aruco_Marker/build/CMakeFiles/CMakeTmp'
Building C object CMakeFiles/cmTC_51130.dir/CheckFunctionExists.c.o
/usr/bin/cc   -DCHECK_FUNCTION_EXISTS=pthread_create   -o CMakeFiles/cmTC_51130.dir/CheckFunctionExists.c.o   -c /opt/cmake/share/cmake-3.9/Modules/CheckFunctionExists.c
Linking C executable cmTC_51130
/opt/cmake/bin/cmake -E cmake_link_script CMakeFiles/cmTC_51130.dir/link.txt --verbose=1
/usr/bin/cc  -DCHECK_FUNCTION_EXISTS=pthread_create    -rdynamic CMakeFiles/cmTC_51130.dir/CheckFunctionExists.c.o  -o cmTC_51130 -lpthreads 
/usr/bin/ld: cannot find -lpthreads
collect2: error: ld returned 1 exit status
CMakeFiles/cmTC_51130.dir/build.make:97: recipe for target 'cmTC_51130' failed
make[2]: *** [cmTC_51130] Error 1
make[2]: Leaving directory '/home/kevin/Kevin_workspace/Cpp_Projects/Aruco_Marker/build/CMakeFiles/CMakeTmp'
Makefile:126: recipe for target 'cmTC_51130/fast' failed
make[1]: *** [cmTC_51130/fast] Error 2
make[1]: Leaving directory '/home/kevin/Kevin_workspace/Cpp_Projects/Aruco_Marker/build/CMakeFiles/CMakeTmp'


